<?xml version="1.0" encoding="UTF-8"?>
<!-- Generated by org.testng.reporters.JUnitReportReporter -->
<testsuite name="guru99tutorial.day6.Day6" tests="4" time="42.489" ignored="0" failures="0" timestamp="12 May 2019 22:38:39 GMT" skipped="0" hostname="AUPC0L5B9T" errors="0">
  <testcase name="doTest" time="12.850" classname="guru99tutorial.day6.Day6"/>
  <testcase name="doTest" time="9.216" classname="guru99tutorial.day6.Day6"/>
  <testcase name="doTest" time="9.679" classname="guru99tutorial.day6.Day6"/>
  <testcase name="doTest" time="10.744" classname="guru99tutorial.day6.Day6"/>
</testsuite> <!-- guru99tutorial.day6.Day6 -->
