<?xml version="1.0" encoding="UTF-8"?>
<!-- Generated by org.testng.reporters.JUnitReportReporter -->
<testsuite name="guru99tutorial.day4.Day4" tests="4" time="40.075" ignored="0" failures="0" timestamp="12 May 2019 21:50:01 GMT" skipped="0" hostname="AUPC0L5B9T" errors="0">
  <testcase name="doTest" time="9.659" classname="guru99tutorial.day4.Day4"/>
  <testcase name="doTest" time="11.425" classname="guru99tutorial.day4.Day4"/>
  <testcase name="doTest" time="9.923" classname="guru99tutorial.day4.Day4"/>
  <testcase name="doTest" time="9.068" classname="guru99tutorial.day4.Day4"/>
</testsuite> <!-- guru99tutorial.day4.Day4 -->
