<?xml version="1.0" encoding="UTF-8"?>
<!-- Generated by org.testng.reporters.JUnitReportReporter -->
<testsuite name="guru99tutorial.day4.Day4" tests="4" time="34.496" ignored="0" failures="0" timestamp="10 May 2019 01:24:30 GMT" skipped="0" hostname="AUPC0L5B9T" errors="0">
  <testcase name="doTest" time="8.438" classname="guru99tutorial.day4.Day4"/>
  <testcase name="doTest" time="9.678" classname="guru99tutorial.day4.Day4"/>
  <testcase name="doTest" time="7.979" classname="guru99tutorial.day4.Day4"/>
  <testcase name="doTest" time="8.401" classname="guru99tutorial.day4.Day4"/>
</testsuite> <!-- guru99tutorial.day4.Day4 -->
