<?xml version="1.0" encoding="UTF-8"?>
<!-- Generated by org.testng.reporters.JUnitReportReporter -->
<testsuite name="guru99tutorial.day5.Day5" tests="4" time="43.574" ignored="0" failures="0" timestamp="12 May 2019 22:11:32 GMT" skipped="0" hostname="AUPC0L5B9T" errors="0">
  <testcase name="doTest" time="9.041" classname="guru99tutorial.day5.Day5"/>
  <testcase name="doTest" time="9.010" classname="guru99tutorial.day5.Day5"/>
  <testcase name="doTest" time="13.394" classname="guru99tutorial.day5.Day5"/>
  <testcase name="doTest" time="12.129" classname="guru99tutorial.day5.Day5"/>
</testsuite> <!-- guru99tutorial.day5.Day5 -->
